2021-10-25 14:20:04,704 INFO    MainThread:7396 [internal.py:wandb_internal():86] W&B internal server running at pid: 7396, started at: 2021-10-25 14:20:04.704124
2021-10-25 14:20:04,704 INFO    WriterThread:7396 [datastore.py:open_for_write():77] open: C:\Users\Thishen\Documents\GitHub\crowd-density\wandb\run-20211025_142003-1oghj85k\run-1oghj85k.wandb
2021-10-25 14:20:04,704 DEBUG   HandlerThread:7396 [handler.py:handle_request():126] handle_request: check_version
2021-10-25 14:20:04,704 DEBUG   SenderThread:7396 [sender.py:send():185] send: header
2021-10-25 14:20:04,704 DEBUG   SenderThread:7396 [sender.py:send_request():199] send_request: check_version
2021-10-25 14:20:05,016 DEBUG   SenderThread:7396 [sender.py:send():185] send: run
2021-10-25 14:20:05,469 INFO    SenderThread:7396 [dir_watcher.py:__init__():169] watching files in: C:\Users\Thishen\Documents\GitHub\crowd-density\wandb\run-20211025_142003-1oghj85k\files
2021-10-25 14:20:05,469 INFO    SenderThread:7396 [sender.py:_start_run_threads():746] run started: 1oghj85k with start time 1635164403
2021-10-25 14:20:05,469 DEBUG   HandlerThread:7396 [handler.py:handle_request():126] handle_request: run_start
2021-10-25 14:20:05,469 DEBUG   SenderThread:7396 [sender.py:send():185] send: summary
2021-10-25 14:20:05,469 INFO    SenderThread:7396 [sender.py:_save_file():879] saving file wandb-summary.json with policy end
2021-10-25 14:20:05,485 DEBUG   HandlerThread:7396 [meta.py:__init__():40] meta init
2021-10-25 14:20:05,485 DEBUG   HandlerThread:7396 [meta.py:__init__():54] meta init done
2021-10-25 14:20:05,485 DEBUG   HandlerThread:7396 [meta.py:probe():211] probe
2021-10-25 14:20:05,516 DEBUG   HandlerThread:7396 [meta.py:_setup_git():201] setup git
2021-10-25 14:20:05,563 DEBUG   HandlerThread:7396 [meta.py:_setup_git():208] setup git done
2021-10-25 14:20:05,563 DEBUG   HandlerThread:7396 [meta.py:_save_pip():58] save pip
2021-10-25 14:20:05,563 DEBUG   HandlerThread:7396 [meta.py:_save_pip():72] save pip done
2021-10-25 14:20:05,563 DEBUG   HandlerThread:7396 [meta.py:_save_conda():79] save conda
2021-10-25 14:20:06,485 INFO    Thread-12 :7396 [dir_watcher.py:_on_file_created():217] file/dir created: C:\Users\Thishen\Documents\GitHub\crowd-density\wandb\run-20211025_142003-1oghj85k\files\conda-environment.yaml
2021-10-25 14:20:06,485 INFO    Thread-12 :7396 [dir_watcher.py:_on_file_created():217] file/dir created: C:\Users\Thishen\Documents\GitHub\crowd-density\wandb\run-20211025_142003-1oghj85k\files\wandb-summary.json
2021-10-25 14:20:06,485 INFO    Thread-12 :7396 [dir_watcher.py:_on_file_created():217] file/dir created: C:\Users\Thishen\Documents\GitHub\crowd-density\wandb\run-20211025_142003-1oghj85k\files\requirements.txt
2021-10-25 14:20:10,547 INFO    Thread-12 :7396 [dir_watcher.py:_on_file_created():217] file/dir created: C:\Users\Thishen\Documents\GitHub\crowd-density\wandb\run-20211025_142003-1oghj85k\files\output.log
2021-10-25 14:20:11,547 DEBUG   HandlerThread:7396 [meta.py:_save_conda():87] save conda done
2021-10-25 14:20:11,547 DEBUG   HandlerThread:7396 [meta.py:probe():249] probe done
2021-10-25 14:20:11,562 INFO    Thread-12 :7396 [dir_watcher.py:_on_file_created():217] file/dir created: C:\Users\Thishen\Documents\GitHub\crowd-density\wandb\run-20211025_142003-1oghj85k\files\wandb-metadata.json
2021-10-25 14:20:11,625 DEBUG   HandlerThread:7396 [handler.py:handle_request():126] handle_request: stop_status
2021-10-25 14:20:11,625 DEBUG   SenderThread:7396 [sender.py:send_request():199] send_request: stop_status
2021-10-25 14:20:11,922 DEBUG   SenderThread:7396 [sender.py:send():185] send: config
2021-10-25 14:20:11,922 DEBUG   SenderThread:7396 [sender.py:send():185] send: files
2021-10-25 14:20:11,922 INFO    SenderThread:7396 [sender.py:_save_file():879] saving file wandb-metadata.json with policy now
2021-10-25 14:20:13,017 INFO    Thread-17 :7396 [upload_job.py:push():137] Uploaded file C:\Users\Thishen\AppData\Local\Temp\tmp1drcpsxmwandb\3n745ihk-wandb-metadata.json
2021-10-25 14:20:16,628 INFO    Thread-12 :7396 [dir_watcher.py:_on_file_modified():230] file/dir modified: C:\Users\Thishen\Documents\GitHub\crowd-density\wandb\run-20211025_142003-1oghj85k\files\output.log
2021-10-25 14:20:18,637 INFO    Thread-12 :7396 [dir_watcher.py:_on_file_modified():230] file/dir modified: C:\Users\Thishen\Documents\GitHub\crowd-density\wandb\run-20211025_142003-1oghj85k\files\output.log
2021-10-25 14:20:20,654 INFO    Thread-12 :7396 [dir_watcher.py:_on_file_modified():230] file/dir modified: C:\Users\Thishen\Documents\GitHub\crowd-density\wandb\run-20211025_142003-1oghj85k\files\output.log
2021-10-25 14:20:22,662 INFO    Thread-12 :7396 [dir_watcher.py:_on_file_modified():230] file/dir modified: C:\Users\Thishen\Documents\GitHub\crowd-density\wandb\run-20211025_142003-1oghj85k\files\output.log
2021-10-25 14:20:24,693 INFO    Thread-12 :7396 [dir_watcher.py:_on_file_modified():230] file/dir modified: C:\Users\Thishen\Documents\GitHub\crowd-density\wandb\run-20211025_142003-1oghj85k\files\output.log
2021-10-25 14:20:26,711 INFO    Thread-12 :7396 [dir_watcher.py:_on_file_modified():230] file/dir modified: C:\Users\Thishen\Documents\GitHub\crowd-density\wandb\run-20211025_142003-1oghj85k\files\output.log
2021-10-25 14:20:26,930 DEBUG   HandlerThread:7396 [handler.py:handle_request():126] handle_request: stop_status
2021-10-25 14:20:26,930 DEBUG   SenderThread:7396 [sender.py:send_request():199] send_request: stop_status
2021-10-25 14:20:28,728 INFO    Thread-12 :7396 [dir_watcher.py:_on_file_modified():230] file/dir modified: C:\Users\Thishen\Documents\GitHub\crowd-density\wandb\run-20211025_142003-1oghj85k\files\output.log
2021-10-25 14:20:30,759 INFO    Thread-12 :7396 [dir_watcher.py:_on_file_modified():230] file/dir modified: C:\Users\Thishen\Documents\GitHub\crowd-density\wandb\run-20211025_142003-1oghj85k\files\output.log
2021-10-25 14:20:32,787 INFO    Thread-12 :7396 [dir_watcher.py:_on_file_modified():230] file/dir modified: C:\Users\Thishen\Documents\GitHub\crowd-density\wandb\run-20211025_142003-1oghj85k\files\output.log
2021-10-25 14:20:34,792 INFO    Thread-12 :7396 [dir_watcher.py:_on_file_modified():230] file/dir modified: C:\Users\Thishen\Documents\GitHub\crowd-density\wandb\run-20211025_142003-1oghj85k\files\output.log
2021-10-25 14:20:36,464 DEBUG   SenderThread:7396 [sender.py:send():185] send: stats
2021-10-25 14:20:36,823 INFO    Thread-12 :7396 [dir_watcher.py:_on_file_modified():230] file/dir modified: C:\Users\Thishen\Documents\GitHub\crowd-density\wandb\run-20211025_142003-1oghj85k\files\output.log
2021-10-25 14:20:36,823 INFO    Thread-12 :7396 [dir_watcher.py:_on_file_modified():230] file/dir modified: C:\Users\Thishen\Documents\GitHub\crowd-density\wandb\run-20211025_142003-1oghj85k\files\config.yaml
2021-10-25 14:20:38,848 INFO    Thread-12 :7396 [dir_watcher.py:_on_file_modified():230] file/dir modified: C:\Users\Thishen\Documents\GitHub\crowd-density\wandb\run-20211025_142003-1oghj85k\files\output.log
2021-10-25 14:20:40,876 INFO    Thread-12 :7396 [dir_watcher.py:_on_file_modified():230] file/dir modified: C:\Users\Thishen\Documents\GitHub\crowd-density\wandb\run-20211025_142003-1oghj85k\files\output.log
2021-10-25 14:20:42,220 DEBUG   HandlerThread:7396 [handler.py:handle_request():126] handle_request: stop_status
2021-10-25 14:20:42,220 DEBUG   SenderThread:7396 [sender.py:send_request():199] send_request: stop_status
2021-10-25 14:20:42,893 INFO    Thread-12 :7396 [dir_watcher.py:_on_file_modified():230] file/dir modified: C:\Users\Thishen\Documents\GitHub\crowd-density\wandb\run-20211025_142003-1oghj85k\files\output.log
2021-10-25 14:20:44,919 INFO    Thread-12 :7396 [dir_watcher.py:_on_file_modified():230] file/dir modified: C:\Users\Thishen\Documents\GitHub\crowd-density\wandb\run-20211025_142003-1oghj85k\files\output.log
2021-10-25 14:20:46,946 INFO    Thread-12 :7396 [dir_watcher.py:_on_file_modified():230] file/dir modified: C:\Users\Thishen\Documents\GitHub\crowd-density\wandb\run-20211025_142003-1oghj85k\files\output.log
2021-10-25 14:20:48,956 INFO    Thread-12 :7396 [dir_watcher.py:_on_file_modified():230] file/dir modified: C:\Users\Thishen\Documents\GitHub\crowd-density\wandb\run-20211025_142003-1oghj85k\files\output.log
2021-10-25 14:20:50,987 INFO    Thread-12 :7396 [dir_watcher.py:_on_file_modified():230] file/dir modified: C:\Users\Thishen\Documents\GitHub\crowd-density\wandb\run-20211025_142003-1oghj85k\files\output.log
2021-10-25 14:20:53,018 INFO    Thread-12 :7396 [dir_watcher.py:_on_file_modified():230] file/dir modified: C:\Users\Thishen\Documents\GitHub\crowd-density\wandb\run-20211025_142003-1oghj85k\files\output.log
2021-10-25 14:20:55,049 INFO    Thread-12 :7396 [dir_watcher.py:_on_file_modified():230] file/dir modified: C:\Users\Thishen\Documents\GitHub\crowd-density\wandb\run-20211025_142003-1oghj85k\files\output.log
2021-10-25 14:20:57,080 INFO    Thread-12 :7396 [dir_watcher.py:_on_file_modified():230] file/dir modified: C:\Users\Thishen\Documents\GitHub\crowd-density\wandb\run-20211025_142003-1oghj85k\files\output.log
2021-10-25 14:20:57,502 DEBUG   HandlerThread:7396 [handler.py:handle_request():126] handle_request: stop_status
2021-10-25 14:20:57,502 DEBUG   SenderThread:7396 [sender.py:send_request():199] send_request: stop_status
2021-10-25 14:20:59,097 INFO    Thread-12 :7396 [dir_watcher.py:_on_file_modified():230] file/dir modified: C:\Users\Thishen\Documents\GitHub\crowd-density\wandb\run-20211025_142003-1oghj85k\files\output.log
2021-10-25 14:21:01,123 INFO    Thread-12 :7396 [dir_watcher.py:_on_file_modified():230] file/dir modified: C:\Users\Thishen\Documents\GitHub\crowd-density\wandb\run-20211025_142003-1oghj85k\files\output.log
2021-10-25 14:21:03,145 INFO    Thread-12 :7396 [dir_watcher.py:_on_file_modified():230] file/dir modified: C:\Users\Thishen\Documents\GitHub\crowd-density\wandb\run-20211025_142003-1oghj85k\files\output.log
2021-10-25 14:21:05,162 INFO    Thread-12 :7396 [dir_watcher.py:_on_file_modified():230] file/dir modified: C:\Users\Thishen\Documents\GitHub\crowd-density\wandb\run-20211025_142003-1oghj85k\files\output.log
2021-10-25 14:21:07,193 INFO    Thread-12 :7396 [dir_watcher.py:_on_file_modified():230] file/dir modified: C:\Users\Thishen\Documents\GitHub\crowd-density\wandb\run-20211025_142003-1oghj85k\files\output.log
2021-10-25 14:21:09,224 INFO    Thread-12 :7396 [dir_watcher.py:_on_file_modified():230] file/dir modified: C:\Users\Thishen\Documents\GitHub\crowd-density\wandb\run-20211025_142003-1oghj85k\files\output.log
2021-10-25 14:21:09,552 DEBUG   SenderThread:7396 [sender.py:send():185] send: stats
2021-10-25 14:21:11,246 INFO    Thread-12 :7396 [dir_watcher.py:_on_file_modified():230] file/dir modified: C:\Users\Thishen\Documents\GitHub\crowd-density\wandb\run-20211025_142003-1oghj85k\files\output.log
2021-10-25 14:21:12,795 DEBUG   HandlerThread:7396 [handler.py:handle_request():126] handle_request: stop_status
2021-10-25 14:21:12,795 DEBUG   SenderThread:7396 [sender.py:send_request():199] send_request: stop_status
2021-10-25 14:21:13,265 INFO    Thread-12 :7396 [dir_watcher.py:_on_file_modified():230] file/dir modified: C:\Users\Thishen\Documents\GitHub\crowd-density\wandb\run-20211025_142003-1oghj85k\files\output.log
2021-10-25 14:21:15,284 INFO    Thread-12 :7396 [dir_watcher.py:_on_file_modified():230] file/dir modified: C:\Users\Thishen\Documents\GitHub\crowd-density\wandb\run-20211025_142003-1oghj85k\files\output.log
2021-10-25 14:21:17,303 INFO    Thread-12 :7396 [dir_watcher.py:_on_file_modified():230] file/dir modified: C:\Users\Thishen\Documents\GitHub\crowd-density\wandb\run-20211025_142003-1oghj85k\files\output.log
2021-10-25 14:21:19,315 INFO    Thread-12 :7396 [dir_watcher.py:_on_file_modified():230] file/dir modified: C:\Users\Thishen\Documents\GitHub\crowd-density\wandb\run-20211025_142003-1oghj85k\files\output.log
2021-10-25 14:21:21,333 INFO    Thread-12 :7396 [dir_watcher.py:_on_file_modified():230] file/dir modified: C:\Users\Thishen\Documents\GitHub\crowd-density\wandb\run-20211025_142003-1oghj85k\files\output.log
2021-10-25 14:21:23,350 INFO    Thread-12 :7396 [dir_watcher.py:_on_file_modified():230] file/dir modified: C:\Users\Thishen\Documents\GitHub\crowd-density\wandb\run-20211025_142003-1oghj85k\files\output.log
2021-10-25 14:21:25,965 ERROR   SenderThread:7396 [retry.py:__call__():126] Retry attempt failed:
Traceback (most recent call last):
  File "C:\Users\Thishen\anaconda3\lib\site-packages\urllib3\connection.py", line 169, in _new_conn
    conn = connection.create_connection(
  File "C:\Users\Thishen\anaconda3\lib\site-packages\urllib3\util\connection.py", line 73, in create_connection
    for res in socket.getaddrinfo(host, port, family, socket.SOCK_STREAM):
  File "C:\Users\Thishen\anaconda3\lib\socket.py", line 918, in getaddrinfo
    for res in _socket.getaddrinfo(host, port, family, type, proto, flags):
socket.gaierror: [Errno 11001] getaddrinfo failed

During handling of the above exception, another exception occurred:

Traceback (most recent call last):
  File "C:\Users\Thishen\anaconda3\lib\site-packages\urllib3\connectionpool.py", line 699, in urlopen
    httplib_response = self._make_request(
  File "C:\Users\Thishen\anaconda3\lib\site-packages\urllib3\connectionpool.py", line 382, in _make_request
    self._validate_conn(conn)
  File "C:\Users\Thishen\anaconda3\lib\site-packages\urllib3\connectionpool.py", line 1010, in _validate_conn
    conn.connect()
  File "C:\Users\Thishen\anaconda3\lib\site-packages\urllib3\connection.py", line 353, in connect
    conn = self._new_conn()
  File "C:\Users\Thishen\anaconda3\lib\site-packages\urllib3\connection.py", line 181, in _new_conn
    raise NewConnectionError(
urllib3.exceptions.NewConnectionError: <urllib3.connection.HTTPSConnection object at 0x00000193CFB950D0>: Failed to establish a new connection: [Errno 11001] getaddrinfo failed

During handling of the above exception, another exception occurred:

Traceback (most recent call last):
  File "C:\Users\Thishen\anaconda3\lib\site-packages\requests\adapters.py", line 439, in send
    resp = conn.urlopen(
  File "C:\Users\Thishen\anaconda3\lib\site-packages\urllib3\connectionpool.py", line 755, in urlopen
    retries = retries.increment(
  File "C:\Users\Thishen\anaconda3\lib\site-packages\urllib3\util\retry.py", line 574, in increment
    raise MaxRetryError(_pool, url, error or ResponseError(cause))
urllib3.exceptions.MaxRetryError: HTTPSConnectionPool(host='api.wandb.ai', port=443): Max retries exceeded with url: /graphql (Caused by NewConnectionError('<urllib3.connection.HTTPSConnection object at 0x00000193CFB950D0>: Failed to establish a new connection: [Errno 11001] getaddrinfo failed'))

During handling of the above exception, another exception occurred:

Traceback (most recent call last):
  File "C:\Users\Thishen\anaconda3\lib\site-packages\wandb\sdk\lib\retry.py", line 102, in __call__
    result = self._call_fn(*args, **kwargs)
  File "C:\Users\Thishen\anaconda3\lib\site-packages\wandb\sdk\internal\internal_api.py", line 132, in execute
    return self.client.execute(*args, **kwargs)
  File "C:\Users\Thishen\anaconda3\lib\site-packages\wandb\vendor\gql-0.2.0\gql\client.py", line 52, in execute
    result = self._get_result(document, *args, **kwargs)
  File "C:\Users\Thishen\anaconda3\lib\site-packages\wandb\vendor\gql-0.2.0\gql\client.py", line 60, in _get_result
    return self.transport.execute(document, *args, **kwargs)
  File "C:\Users\Thishen\anaconda3\lib\site-packages\wandb\vendor\gql-0.2.0\gql\transport\requests.py", line 38, in execute
    request = requests.post(self.url, **post_args)
  File "C:\Users\Thishen\anaconda3\lib\site-packages\requests\api.py", line 119, in post
    return request('post', url, data=data, json=json, **kwargs)
  File "C:\Users\Thishen\anaconda3\lib\site-packages\requests\api.py", line 61, in request
    return session.request(method=method, url=url, **kwargs)
  File "C:\Users\Thishen\anaconda3\lib\site-packages\requests\sessions.py", line 542, in request
    resp = self.send(prep, **send_kwargs)
  File "C:\Users\Thishen\anaconda3\lib\site-packages\requests\sessions.py", line 655, in send
    r = adapter.send(request, **kwargs)
  File "C:\Users\Thishen\anaconda3\lib\site-packages\requests\adapters.py", line 516, in send
    raise ConnectionError(e, request=request)
requests.exceptions.ConnectionError: HTTPSConnectionPool(host='api.wandb.ai', port=443): Max retries exceeded with url: /graphql (Caused by NewConnectionError('<urllib3.connection.HTTPSConnection object at 0x00000193CFB950D0>: Failed to establish a new connection: [Errno 11001] getaddrinfo failed'))
2021-10-25 14:21:27,388 INFO    Thread-12 :7396 [dir_watcher.py:_on_file_modified():230] file/dir modified: C:\Users\Thishen\Documents\GitHub\crowd-density\wandb\run-20211025_142003-1oghj85k\files\output.log
2021-10-25 14:21:29,396 INFO    Thread-12 :7396 [dir_watcher.py:_on_file_modified():230] file/dir modified: C:\Users\Thishen\Documents\GitHub\crowd-density\wandb\run-20211025_142003-1oghj85k\files\output.log
2021-10-25 14:21:31,425 INFO    Thread-12 :7396 [dir_watcher.py:_on_file_modified():230] file/dir modified: C:\Users\Thishen\Documents\GitHub\crowd-density\wandb\run-20211025_142003-1oghj85k\files\output.log
2021-10-25 14:21:31,745 WARNING FileStreamThread:7396 [file_stream.py:request_with_retry():461] requests_with_retry encountered retryable exception: ('Connection aborted.', TimeoutError(10060, 'A connection attempt failed because the connected party did not properly respond after a period of time, or established connection failed because connected host has failed to respond', None, 10060, None)). func: <bound method Session.post of <requests.sessions.Session object at 0x00000193C98AA760>>, args: ('https://api.wandb.ai/files/thishen/cde/1oghj85k/file_stream',), kwargs: {'json': {'files': {'wandb-events.jsonl': {'offset': 1, 'content': ['{"system.gpu.0.gpu": 94.6, "system.gpu.0.memory": 24.27, "system.gpu.0.memoryAllocated": 55.46, "system.gpu.0.temp": 69.67, "system.gpu.process.0.gpu": 94.6, "system.gpu.process.0.memory": 24.27, "system.gpu.process.0.memoryAllocated": 55.46, "system.gpu.process.0.temp": 69.67, "system.gpu.0.powerWatts": 156.38, "system.gpu.0.powerPercent": 95.67, "system.gpu.process.0.powerWatts": 156.38, "system.gpu.process.0.powerPercent": 95.67, "system.cpu": 18.31, "system.memory": 26.81, "system.disk": 94.7, "system.proc.memory.availableMB": 11945.11, "system.proc.memory.rssMB": 93.41, "system.proc.memory.percent": 0.57, "system.proc.cpu.threads": 17.4, "system.network.sent": 36903, "system.network.recv": 116133, "_wandb": true, "_timestamp": 1635164469, "_runtime": 66}']}, 'output.log': {'offset': 24, 'content': ['2021-10-25T12:21:04.724739 24\n', '2021-10-25T12:21:06.740206 25\n', '2021-10-25T12:21:08.755674 26\n', '2021-10-25T12:21:10.767126 27\n', '2021-10-25T12:21:12.775525 28\n', '2021-10-25T12:21:12.775525 29\n']}}, 'dropped': 0}}
2021-10-25 14:21:33,442 INFO    Thread-12 :7396 [dir_watcher.py:_on_file_modified():230] file/dir modified: C:\Users\Thishen\Documents\GitHub\crowd-density\wandb\run-20211025_142003-1oghj85k\files\output.log
2021-10-25 14:21:34,242 WARNING FileStreamThread:7396 [file_stream.py:request_with_retry():461] requests_with_retry encountered retryable exception: HTTPSConnectionPool(host='api.wandb.ai', port=443): Max retries exceeded with url: /files/thishen/cde/1oghj85k/file_stream (Caused by NewConnectionError('<urllib3.connection.HTTPSConnection object at 0x00000193CFB95550>: Failed to establish a new connection: [Errno 11001] getaddrinfo failed')). func: <bound method Session.post of <requests.sessions.Session object at 0x00000193C98AA760>>, args: ('https://api.wandb.ai/files/thishen/cde/1oghj85k/file_stream',), kwargs: {'json': {'files': {'wandb-events.jsonl': {'offset': 1, 'content': ['{"system.gpu.0.gpu": 94.6, "system.gpu.0.memory": 24.27, "system.gpu.0.memoryAllocated": 55.46, "system.gpu.0.temp": 69.67, "system.gpu.process.0.gpu": 94.6, "system.gpu.process.0.memory": 24.27, "system.gpu.process.0.memoryAllocated": 55.46, "system.gpu.process.0.temp": 69.67, "system.gpu.0.powerWatts": 156.38, "system.gpu.0.powerPercent": 95.67, "system.gpu.process.0.powerWatts": 156.38, "system.gpu.process.0.powerPercent": 95.67, "system.cpu": 18.31, "system.memory": 26.81, "system.disk": 94.7, "system.proc.memory.availableMB": 11945.11, "system.proc.memory.rssMB": 93.41, "system.proc.memory.percent": 0.57, "system.proc.cpu.threads": 17.4, "system.network.sent": 36903, "system.network.recv": 116133, "_wandb": true, "_timestamp": 1635164469, "_runtime": 66}']}, 'output.log': {'offset': 24, 'content': ['2021-10-25T12:21:04.724739 24\n', '2021-10-25T12:21:06.740206 25\n', '2021-10-25T12:21:08.755674 26\n', '2021-10-25T12:21:10.767126 27\n', '2021-10-25T12:21:12.775525 28\n', '2021-10-25T12:21:12.775525 29\n']}}, 'dropped': 0}}
2021-10-25 14:21:34,573 WARNING MainThread:7396 [internal.py:wandb_internal():145] Internal process interrupt: 1
2021-10-25 14:21:35,433 WARNING MainThread:7396 [internal.py:wandb_internal():145] Internal process interrupt: 2
2021-10-25 14:21:35,433 ERROR   MainThread:7396 [internal.py:wandb_internal():148] Internal process interrupted.
2021-10-25 14:21:35,475 INFO    Thread-12 :7396 [dir_watcher.py:_on_file_modified():230] file/dir modified: C:\Users\Thishen\Documents\GitHub\crowd-density\wandb\run-20211025_142003-1oghj85k\files\output.log
2021-10-25 14:21:35,894 INFO    WriterThread:7396 [datastore.py:close():281] close: C:\Users\Thishen\Documents\GitHub\crowd-density\wandb\run-20211025_142003-1oghj85k\run-1oghj85k.wandb
2021-10-25 14:21:35,894 INFO    HandlerThread:7396 [handler.py:finish():683] shutting down handler
